<?xml version="1.0" encoding="UTF-8"?>
<testsuite xmlns:xsi="http://www.w3.org/2001/XMLSchema-instance" xsi:noNamespaceSchemaLocation="https://maven.apache.org/surefire/maven-surefire-plugin/xsd/surefire-test-report-3.0.xsd" version="3.0" name="com.project.AppTest" time="0.03" tests="1" errors="0" skipped="0" failures="0">
  <properties>
    <property name="java.specification.version" value="23"/>
    <property name="sun.cpu.isalist" value="amd64"/>
    <property name="sun.jnu.encoding" value="Cp1252"/>
    <property name="java.class.path" value="C:\Users\2black4coal\Desktop\jv\media\target\test-classes;C:\Users\2black4coal\Desktop\jv\media\target\classes;C:\Users\2black4coal\.m2\repository\io\javalin\javalin\5.6.3\javalin-5.6.3.jar;C:\Users\2black4coal\.m2\repository\org\slf4j\slf4j-api\2.0.7\slf4j-api-2.0.7.jar;C:\Users\2black4coal\.m2\repository\org\eclipse\jetty\jetty-server\11.0.17\jetty-server-11.0.17.jar;C:\Users\2black4coal\.m2\repository\org\eclipse\jetty\toolchain\jetty-jakarta-servlet-api\5.0.2\jetty-jakarta-servlet-api-5.0.2.jar;C:\Users\2black4coal\.m2\repository\org\eclipse\jetty\jetty-http\11.0.17\jetty-http-11.0.17.jar;C:\Users\2black4coal\.m2\repository\org\eclipse\jetty\jetty-util\11.0.17\jetty-util-11.0.17.jar;C:\Users\2black4coal\.m2\repository\org\eclipse\jetty\jetty-io\11.0.17\jetty-io-11.0.17.jar;C:\Users\2black4coal\.m2\repository\org\eclipse\jetty\jetty-webapp\11.0.17\jetty-webapp-11.0.17.jar;C:\Users\2black4coal\.m2\repository\org\eclipse\jetty\jetty-servlet\11.0.17\jetty-servlet-11.0.17.jar;C:\Users\2black4coal\.m2\repository\org\eclipse\jetty\jetty-security\11.0.17\jetty-security-11.0.17.jar;C:\Users\2black4coal\.m2\repository\org\eclipse\jetty\jetty-xml\11.0.17\jetty-xml-11.0.17.jar;C:\Users\2black4coal\.m2\repository\org\eclipse\jetty\websocket\websocket-jetty-server\11.0.17\websocket-jetty-server-11.0.17.jar;C:\Users\2black4coal\.m2\repository\org\eclipse\jetty\websocket\websocket-jetty-common\11.0.17\websocket-jetty-common-11.0.17.jar;C:\Users\2black4coal\.m2\repository\org\eclipse\jetty\websocket\websocket-core-common\11.0.17\websocket-core-common-11.0.17.jar;C:\Users\2black4coal\.m2\repository\org\eclipse\jetty\websocket\websocket-servlet\11.0.17\websocket-servlet-11.0.17.jar;C:\Users\2black4coal\.m2\repository\org\eclipse\jetty\websocket\websocket-core-server\11.0.17\websocket-core-server-11.0.17.jar;C:\Users\2black4coal\.m2\repository\org\eclipse\jetty\websocket\websocket-jetty-api\11.0.17\websocket-jetty-api-11.0.17.jar;C:\Users\2black4coal\.m2\repository\org\jetbrains\kotlin\kotlin-stdlib-jdk8\1.8.21\kotlin-stdlib-jdk8-1.8.21.jar;C:\Users\2black4coal\.m2\repository\org\jetbrains\kotlin\kotlin-stdlib\1.8.21\kotlin-stdlib-1.8.21.jar;C:\Users\2black4coal\.m2\repository\org\jetbrains\kotlin\kotlin-stdlib-common\1.8.21\kotlin-stdlib-common-1.8.21.jar;C:\Users\2black4coal\.m2\repository\org\jetbrains\kotlin\kotlin-stdlib-jdk7\1.8.21\kotlin-stdlib-jdk7-1.8.21.jar;C:\Users\2black4coal\.m2\repository\org\slf4j\slf4j-simple\2.0.11\slf4j-simple-2.0.11.jar;C:\Users\2black4coal\.m2\repository\org\jetbrains\annotations\24.0.1\annotations-24.0.1.jar;C:\Users\2black4coal\.m2\repository\com\fasterxml\jackson\core\jackson-databind\2.15.0\jackson-databind-2.15.0.jar;C:\Users\2black4coal\.m2\repository\com\fasterxml\jackson\core\jackson-annotations\2.15.0\jackson-annotations-2.15.0.jar;C:\Users\2black4coal\.m2\repository\com\fasterxml\jackson\core\jackson-core\2.15.0\jackson-core-2.15.0.jar;C:\Users\2black4coal\.m2\repository\org\postgresql\postgresql\42.7.1\postgresql-42.7.1.jar;C:\Users\2black4coal\.m2\repository\org\checkerframework\checker-qual\3.41.0\checker-qual-3.41.0.jar;C:\Users\2black4coal\.m2\repository\org\projectlombok\lombok\1.18.30\lombok-1.18.30.jar;C:\Users\2black4coal\.m2\repository\org\junit\jupiter\junit-jupiter-api\5.9.2\junit-jupiter-api-5.9.2.jar;C:\Users\2black4coal\.m2\repository\org\opentest4j\opentest4j\1.2.0\opentest4j-1.2.0.jar;C:\Users\2black4coal\.m2\repository\org\junit\platform\junit-platform-commons\1.9.2\junit-platform-commons-1.9.2.jar;C:\Users\2black4coal\.m2\repository\org\apiguardian\apiguardian-api\1.1.2\apiguardian-api-1.1.2.jar;C:\Users\2black4coal\.m2\repository\org\junit\jupiter\junit-jupiter-engine\5.9.2\junit-jupiter-engine-5.9.2.jar;C:\Users\2black4coal\.m2\repository\org\junit\platform\junit-platform-engine\1.9.2\junit-platform-engine-1.9.2.jar;"/>
    <property name="java.vm.vendor" value="Oracle Corporation"/>
    <property name="sun.arch.data.model" value="64"/>
    <property name="user.variant" value=""/>
    <property name="java.vendor.url" value="https://java.oracle.com/"/>
    <property name="user.timezone" value="America/Chicago"/>
    <property name="os.name" value="Windows 11"/>
    <property name="java.vm.specification.version" value="23"/>
    <property name="sun.java.launcher" value="SUN_STANDARD"/>
    <property name="user.country" value="US"/>
    <property name="sun.boot.library.path" value="C:\Program Files\Java\jdk-23\bin"/>
    <property name="sun.java.command" value="C:\Users\2black4coal\AppData\Local\Temp\surefire12753124401390946394\surefirebooter-20250407134829495_3.jar C:\Users\2black4coal\AppData\Local\Temp\surefire12753124401390946394 2025-04-07T13-48-29_348-jvmRun1 surefire-20250407134829495_1tmp surefire_0-20250407134829495_2tmp"/>
    <property name="jdk.debug" value="release"/>
    <property name="surefire.test.class.path" value="C:\Users\2black4coal\Desktop\jv\media\target\test-classes;C:\Users\2black4coal\Desktop\jv\media\target\classes;C:\Users\2black4coal\.m2\repository\io\javalin\javalin\5.6.3\javalin-5.6.3.jar;C:\Users\2black4coal\.m2\repository\org\slf4j\slf4j-api\2.0.7\slf4j-api-2.0.7.jar;C:\Users\2black4coal\.m2\repository\org\eclipse\jetty\jetty-server\11.0.17\jetty-server-11.0.17.jar;C:\Users\2black4coal\.m2\repository\org\eclipse\jetty\toolchain\jetty-jakarta-servlet-api\5.0.2\jetty-jakarta-servlet-api-5.0.2.jar;C:\Users\2black4coal\.m2\repository\org\eclipse\jetty\jetty-http\11.0.17\jetty-http-11.0.17.jar;C:\Users\2black4coal\.m2\repository\org\eclipse\jetty\jetty-util\11.0.17\jetty-util-11.0.17.jar;C:\Users\2black4coal\.m2\repository\org\eclipse\jetty\jetty-io\11.0.17\jetty-io-11.0.17.jar;C:\Users\2black4coal\.m2\repository\org\eclipse\jetty\jetty-webapp\11.0.17\jetty-webapp-11.0.17.jar;C:\Users\2black4coal\.m2\repository\org\eclipse\jetty\jetty-servlet\11.0.17\jetty-servlet-11.0.17.jar;C:\Users\2black4coal\.m2\repository\org\eclipse\jetty\jetty-security\11.0.17\jetty-security-11.0.17.jar;C:\Users\2black4coal\.m2\repository\org\eclipse\jetty\jetty-xml\11.0.17\jetty-xml-11.0.17.jar;C:\Users\2black4coal\.m2\repository\org\eclipse\jetty\websocket\websocket-jetty-server\11.0.17\websocket-jetty-server-11.0.17.jar;C:\Users\2black4coal\.m2\repository\org\eclipse\jetty\websocket\websocket-jetty-common\11.0.17\websocket-jetty-common-11.0.17.jar;C:\Users\2black4coal\.m2\repository\org\eclipse\jetty\websocket\websocket-core-common\11.0.17\websocket-core-common-11.0.17.jar;C:\Users\2black4coal\.m2\repository\org\eclipse\jetty\websocket\websocket-servlet\11.0.17\websocket-servlet-11.0.17.jar;C:\Users\2black4coal\.m2\repository\org\eclipse\jetty\websocket\websocket-core-server\11.0.17\websocket-core-server-11.0.17.jar;C:\Users\2black4coal\.m2\repository\org\eclipse\jetty\websocket\websocket-jetty-api\11.0.17\websocket-jetty-api-11.0.17.jar;C:\Users\2black4coal\.m2\repository\org\jetbrains\kotlin\kotlin-stdlib-jdk8\1.8.21\kotlin-stdlib-jdk8-1.8.21.jar;C:\Users\2black4coal\.m2\repository\org\jetbrains\kotlin\kotlin-stdlib\1.8.21\kotlin-stdlib-1.8.21.jar;C:\Users\2black4coal\.m2\repository\org\jetbrains\kotlin\kotlin-stdlib-common\1.8.21\kotlin-stdlib-common-1.8.21.jar;C:\Users\2black4coal\.m2\repository\org\jetbrains\kotlin\kotlin-stdlib-jdk7\1.8.21\kotlin-stdlib-jdk7-1.8.21.jar;C:\Users\2black4coal\.m2\repository\org\slf4j\slf4j-simple\2.0.11\slf4j-simple-2.0.11.jar;C:\Users\2black4coal\.m2\repository\org\jetbrains\annotations\24.0.1\annotations-24.0.1.jar;C:\Users\2black4coal\.m2\repository\com\fasterxml\jackson\core\jackson-databind\2.15.0\jackson-databind-2.15.0.jar;C:\Users\2black4coal\.m2\repository\com\fasterxml\jackson\core\jackson-annotations\2.15.0\jackson-annotations-2.15.0.jar;C:\Users\2black4coal\.m2\repository\com\fasterxml\jackson\core\jackson-core\2.15.0\jackson-core-2.15.0.jar;C:\Users\2black4coal\.m2\repository\org\postgresql\postgresql\42.7.1\postgresql-42.7.1.jar;C:\Users\2black4coal\.m2\repository\org\checkerframework\checker-qual\3.41.0\checker-qual-3.41.0.jar;C:\Users\2black4coal\.m2\repository\org\projectlombok\lombok\1.18.30\lombok-1.18.30.jar;C:\Users\2black4coal\.m2\repository\org\junit\jupiter\junit-jupiter-api\5.9.2\junit-jupiter-api-5.9.2.jar;C:\Users\2black4coal\.m2\repository\org\opentest4j\opentest4j\1.2.0\opentest4j-1.2.0.jar;C:\Users\2black4coal\.m2\repository\org\junit\platform\junit-platform-commons\1.9.2\junit-platform-commons-1.9.2.jar;C:\Users\2black4coal\.m2\repository\org\apiguardian\apiguardian-api\1.1.2\apiguardian-api-1.1.2.jar;C:\Users\2black4coal\.m2\repository\org\junit\jupiter\junit-jupiter-engine\5.9.2\junit-jupiter-engine-5.9.2.jar;C:\Users\2black4coal\.m2\repository\org\junit\platform\junit-platform-engine\1.9.2\junit-platform-engine-1.9.2.jar;"/>
    <property name="sun.cpu.endian" value="little"/>
    <property name="user.home" value="C:\Users\2black4coal"/>
    <property name="user.language" value="en"/>
    <property name="java.specification.vendor" value="Oracle Corporation"/>
    <property name="java.version.date" value="2025-01-21"/>
    <property name="java.home" value="C:\Program Files\Java\jdk-23"/>
    <property name="file.separator" value="\"/>
    <property name="basedir" value="C:\Users\2black4coal\Desktop\jv\media"/>
    <property name="java.vm.compressedOopsMode" value="Zero based"/>
    <property name="line.separator" value="&#10;"/>
    <property name="java.vm.specification.vendor" value="Oracle Corporation"/>
    <property name="java.specification.name" value="Java Platform API Specification"/>
    <property name="surefire.real.class.path" value="C:\Users\2black4coal\AppData\Local\Temp\surefire12753124401390946394\surefirebooter-20250407134829495_3.jar"/>
    <property name="user.script" value=""/>
    <property name="sun.management.compiler" value="HotSpot 64-Bit Tiered Compilers"/>
    <property name="java.runtime.version" value="23.0.2+7-58"/>
    <property name="user.name" value="twoblackfourcoal"/>
    <property name="stdout.encoding" value="Cp1252"/>
    <property name="path.separator" value=";"/>
    <property name="os.version" value="10.0"/>
    <property name="java.runtime.name" value="Java(TM) SE Runtime Environment"/>
    <property name="file.encoding" value="UTF-8"/>
    <property name="java.vm.name" value="Java HotSpot(TM) 64-Bit Server VM"/>
    <property name="localRepository" value="C:\Users\2black4coal\.m2\repository"/>
    <property name="java.vendor.url.bug" value="https://bugreport.java.com/bugreport/"/>
    <property name="java.io.tmpdir" value="C:\Users\2BLACK~1\AppData\Local\Temp\"/>
    <property name="java.version" value="23.0.2"/>
    <property name="user.dir" value="C:\Users\2black4coal\Desktop\jv\media"/>
    <property name="os.arch" value="amd64"/>
    <property name="java.vm.specification.name" value="Java Virtual Machine Specification"/>
    <property name="sun.os.patch.level" value=""/>
    <property name="native.encoding" value="Cp1252"/>
    <property name="java.library.path" value="C:\Program Files\Java\jdk-23\bin;C:\WINDOWS\Sun\Java\bin;C:\WINDOWS\system32;C:\WINDOWS;C:\Program Files\Common Files\Oracle\Java\javapath;C:\Python312\Scripts\;C:\Python312\;C:\WINDOWS\system32;C:\WINDOWS;C:\WINDOWS\System32\Wbem;C:\WINDOWS\System32\WindowsPowerShell\v1.0\;C:\WINDOWS\System32\OpenSSH\;C:\Program Files\nodejs\;C:\ProgramData\chocolatey\bin;C:\terraform365\;C:\Program Files\Amazon\AWSCLIV2\;C:\Program Files\Java\jdk-23\bin;C:\maven\apache-maven-3.9.9\bin;C:\Program Files\Git\cmd;C:\curl;C:\Program Files\Java\jdk-23\bin;C:\Users\2black4coal\AppData\Local\Programs\Python\Python313\Scripts\;C:\Users\2black4coal\AppData\Local\Programs\Python\Python313\;C:\Program Files\MongoDB\Server\8.0\bin;C:\terraform;C:\Program Files\mongosh\bin;;C:\Users\2black4coal\AppData\Local\Microsoft\WindowsApps;C:\Program Files\JetBrains\PyCharm Community Edition 2024.3.1.1\bin;;C:\Program Files\JetBrains\IntelliJ IDEA Community Edition 2024.3.2.2\bin;;C:\Users\2black4coal\AppData\Local\Programs\Microsoft VS Code\bin;C:\Program Files\JetBrains\IntelliJ IDEA 2024.3.5\bin;;c:\Users\2black4coal\AppData\Roaming\Code\User\globalStorage\github.copilot-chat\debugCommand;."/>
    <property name="java.vm.info" value="mixed mode, sharing"/>
    <property name="stderr.encoding" value="Cp1252"/>
    <property name="java.vendor" value="Oracle Corporation"/>
    <property name="java.vm.version" value="23.0.2+7-58"/>
    <property name="sun.io.unicode.encoding" value="UnicodeLittle"/>
    <property name="java.class.version" value="67.0"/>
  </properties>
  <testcase name="shouldAnswerWithTrue" classname="com.project.AppTest" time="0.02"/>
</testsuite>